{"description":"Second test case for Login page|Brac Application Test Cases ","passed":false,"pending":false,"os":"windows","sessionId":"acb0bb5e96edfa1766f099a2ac01ec68","instanceId":18316,"browser":{"name":"chrome","version":"79.0.3945.117"},"message":["AssertionError: expected 'Dashboard' to equal 'Dasboard'"],"trace":["AssertionError: expected 'Dashboard' to equal 'Dasboard'\n    at E:\\Protractor workspace\\Brac_webapp\\Page_Objects\\login_page_po.js:55:35\n    at elementArrayFinder_.then (C:\\Users\\pc\\AppData\\Roaming\\npm\\node_modules\\protractor\\built\\element.js:804:32)\n    at ManagedPromise.invokeCallback_ (C:\\Users\\pc\\AppData\\Roaming\\npm\\node_modules\\protractor\\node_modules\\selenium-webdriver\\lib\\promise.js:1376:14)\n    at TaskQueue.execute_ (C:\\Users\\pc\\AppData\\Roaming\\npm\\node_modules\\protractor\\node_modules\\selenium-webdriver\\lib\\promise.js:3084:14)\n    at TaskQueue.executeNext_ (C:\\Users\\pc\\AppData\\Roaming\\npm\\node_modules\\protractor\\node_modules\\selenium-webdriver\\lib\\promise.js:3067:27)\n    at asyncRun (C:\\Users\\pc\\AppData\\Roaming\\npm\\node_modules\\protractor\\node_modules\\selenium-webdriver\\lib\\promise.js:2927:27)\n    at C:\\Users\\pc\\AppData\\Roaming\\npm\\node_modules\\protractor\\node_modules\\selenium-webdriver\\lib\\promise.js:668:7\n    at process._tickCallback (internal/process/next_tick.js:68:7)"],"browserLogs":[],"screenShotFile":"004c0019-00ea-0066-0061-002700210091.png","timestamp":1579842056820,"duration":12474}
