{"description":"Test case for forget password|Brac Application Test Cases ","passed":false,"pending":false,"os":"windows","sessionId":"2df8eaa3a0c6d1a30c6198630915c5cb","instanceId":12448,"browser":{"name":"chrome","version":"79.0.3945.117"},"message":["AssertionError: expected '×\\nMail sent successfully' to equal 'Mail sent successfully'"],"trace":["AssertionError: expected '×\\nMail sent successfully' to equal 'Mail sent successfully'\n    at E:\\Protractor workspace\\Brac_webapp\\Page_Objects\\login_page_po.js:49:36\n    at elementArrayFinder_.then (C:\\Users\\pc\\AppData\\Roaming\\npm\\node_modules\\protractor\\built\\element.js:804:32)\n    at ManagedPromise.invokeCallback_ (C:\\Users\\pc\\AppData\\Roaming\\npm\\node_modules\\protractor\\node_modules\\selenium-webdriver\\lib\\promise.js:1376:14)\n    at TaskQueue.execute_ (C:\\Users\\pc\\AppData\\Roaming\\npm\\node_modules\\protractor\\node_modules\\selenium-webdriver\\lib\\promise.js:3084:14)\n    at TaskQueue.executeNext_ (C:\\Users\\pc\\AppData\\Roaming\\npm\\node_modules\\protractor\\node_modules\\selenium-webdriver\\lib\\promise.js:3067:27)\n    at asyncRun (C:\\Users\\pc\\AppData\\Roaming\\npm\\node_modules\\protractor\\node_modules\\selenium-webdriver\\lib\\promise.js:2927:27)\n    at C:\\Users\\pc\\AppData\\Roaming\\npm\\node_modules\\protractor\\node_modules\\selenium-webdriver\\lib\\promise.js:668:7\n    at process._tickCallback (internal/process/next_tick.js:68:7)"],"browserLogs":[],"screenShotFile":"00510061-00cc-0081-0038-00e9003e0074.png","timestamp":1579865898157,"duration":14489}
