{"description":"Test case for forget password|Brac Application Test Cases ","passed":false,"pending":false,"os":"windows","sessionId":"f6261d109d4d6ea5ff57a9d1874ddf70","instanceId":7140,"browser":{"name":"chrome","version":"79.0.3945.117"},"message":["AssertionError: expected '×\\nMail sent successfully' to equal 'Mail sent successfully'"],"trace":["AssertionError: expected '×\\nMail sent successfully' to equal 'Mail sent successfully'\n    at E:\\Protractor workspace\\Brac_webapp\\Page_Objects\\login_page_po.js:49:36\n    at elementArrayFinder_.then (C:\\Users\\pc\\AppData\\Roaming\\npm\\node_modules\\protractor\\built\\element.js:804:32)\n    at ManagedPromise.invokeCallback_ (C:\\Users\\pc\\AppData\\Roaming\\npm\\node_modules\\protractor\\node_modules\\selenium-webdriver\\lib\\promise.js:1376:14)\n    at TaskQueue.execute_ (C:\\Users\\pc\\AppData\\Roaming\\npm\\node_modules\\protractor\\node_modules\\selenium-webdriver\\lib\\promise.js:3084:14)\n    at TaskQueue.executeNext_ (C:\\Users\\pc\\AppData\\Roaming\\npm\\node_modules\\protractor\\node_modules\\selenium-webdriver\\lib\\promise.js:3067:27)\n    at asyncRun (C:\\Users\\pc\\AppData\\Roaming\\npm\\node_modules\\protractor\\node_modules\\selenium-webdriver\\lib\\promise.js:2927:27)\n    at C:\\Users\\pc\\AppData\\Roaming\\npm\\node_modules\\protractor\\node_modules\\selenium-webdriver\\lib\\promise.js:668:7\n    at process._tickCallback (internal/process/next_tick.js:68:7)"],"browserLogs":[],"screenShotFile":"006e0013-00f8-004d-00f8-005900ea00f1.png","timestamp":1579866064541,"duration":14538}
